2018-12-18 14:41:34,125 [Worker-1: Loading available Gradle versions] INFO  c.g.t.t.d.PublishedGradleVersions - Gradle version information cache is up-to-date. Trying to read.
2018-12-18 14:42:04,883 [Worker-5: Updating Maven Dependencies] INFO  o.e.m.c.i.l.LifecycleMappingFactory - Using org.eclipse.m2e.jdt.JarLifecycleMapping lifecycle mapping for MavenProject: kr.goodee:mavenchap7:0.0.1-SNAPSHOT @ D:\java\spring\workspace\mavenchap7\pom.xml.
2018-12-18 14:42:05,085 [Worker-5: Updating Maven Dependencies] INFO  o.e.m.c.i.l.LifecycleMappingFactory - Using org.maven.ide.eclipse.wtp.WarLifecycleMapping lifecycle mapping for MavenProject: kr.goodee:mavenshop1:0.0.1-SNAPSHOT @ D:\java\spring\workspace\mavenshop1\pom.xml.
2018-12-18 14:42:05,176 [Worker-5: Updating Maven Dependencies] INFO  o.e.m.c.i.l.LifecycleMappingFactory - Using org.maven.ide.eclipse.wtp.WarLifecycleMapping lifecycle mapping for MavenProject: kr.goodee:mavenshop2:0.0.1-SNAPSHOT @ D:\java\spring\workspace\mavenshop2\pom.xml.
2018-12-18 14:42:05,218 [Worker-5: Updating Maven Dependencies] INFO  o.e.m.c.i.l.LifecycleMappingFactory - Using org.maven.ide.eclipse.wtp.WarLifecycleMapping lifecycle mapping for MavenProject: kr.goodee:mavenshop3:0.0.1-SNAPSHOT @ D:\java\spring\workspace\mavenshop3\pom.xml.
2018-12-18 14:42:05,453 [Worker-9: Building workspace] INFO  o.e.m.c.i.l.LifecycleMappingFactory - Using org.eclipse.m2e.jdt.JarLifecycleMapping lifecycle mapping for MavenProject: kr.goodee:mavenchap7:0.0.1-SNAPSHOT @ D:\java\spring\workspace\mavenchap7\pom.xml.
2018-12-18 14:42:06,617 [Worker-9: Building workspace] INFO  o.e.m.c.i.embedder.EclipseLogger - Using 'UTF-8' encoding to copy filtered resources.
2018-12-18 14:42:06,617 [Worker-9: Building workspace] INFO  o.e.m.c.i.embedder.EclipseLogger - skip non existing resourceDirectory D:\java\spring\workspace\mavenchap7\src\main\resources
2018-12-18 14:42:06,619 [Worker-9: Building workspace] INFO  o.e.m.c.i.embedder.EclipseLogger - Using 'UTF-8' encoding to copy filtered resources.
2018-12-18 14:42:06,619 [Worker-9: Building workspace] INFO  o.e.m.c.i.embedder.EclipseLogger - skip non existing resourceDirectory D:\java\spring\workspace\mavenchap7\src\test\resources
2018-12-18 14:42:06,881 [Worker-1: Updating Maven Dependencies] INFO  o.e.m.c.i.l.LifecycleMappingFactory - Using org.eclipse.m2e.jdt.JarLifecycleMapping lifecycle mapping for MavenProject: kr.goodee:mavenchap7:0.0.1-SNAPSHOT @ D:\java\spring\workspace\mavenchap7\pom.xml.
2018-12-18 14:42:06,950 [Worker-9: Building workspace] INFO  o.e.m.c.i.l.LifecycleMappingFactory - Using org.maven.ide.eclipse.wtp.WarLifecycleMapping lifecycle mapping for MavenProject: kr.goodee:mavenshop1:0.0.1-SNAPSHOT @ D:\java\spring\workspace\mavenshop1\pom.xml.
2018-12-18 14:42:08,445 [Worker-9: Building workspace] WARN  o.e.m.c.i.embedder.EclipseLogger - Using platform encoding (MS949 actually) to copy filtered resources, i.e. build is platform dependent!
2018-12-18 14:42:08,451 [Worker-9: Building workspace] INFO  o.e.m.c.i.embedder.EclipseLogger - Copying 0 resource
2018-12-18 14:42:08,453 [Worker-9: Building workspace] WARN  o.e.m.c.i.embedder.EclipseLogger - Using platform encoding (MS949 actually) to copy filtered resources, i.e. build is platform dependent!
2018-12-18 14:42:08,454 [Worker-9: Building workspace] INFO  o.e.m.c.i.embedder.EclipseLogger - skip non existing resourceDirectory D:\java\spring\workspace\mavenshop1\src\test\resources
2018-12-18 14:42:08,964 [Worker-9: Building workspace] INFO  o.e.m.c.i.l.LifecycleMappingFactory - Using org.maven.ide.eclipse.wtp.WarLifecycleMapping lifecycle mapping for MavenProject: kr.goodee:mavenshop2:0.0.1-SNAPSHOT @ D:\java\spring\workspace\mavenshop2\pom.xml.
2018-12-18 14:42:09,217 [Worker-9: Building workspace] WARN  o.e.m.c.i.embedder.EclipseLogger - Using platform encoding (MS949 actually) to copy filtered resources, i.e. build is platform dependent!
2018-12-18 14:42:09,218 [Worker-9: Building workspace] INFO  o.e.m.c.i.embedder.EclipseLogger - Copying 0 resource
2018-12-18 14:42:09,219 [Worker-9: Building workspace] WARN  o.e.m.c.i.embedder.EclipseLogger - Using platform encoding (MS949 actually) to copy filtered resources, i.e. build is platform dependent!
2018-12-18 14:42:09,220 [Worker-9: Building workspace] INFO  o.e.m.c.i.embedder.EclipseLogger - skip non existing resourceDirectory D:\java\spring\workspace\mavenshop2\src\test\resources
2018-12-18 14:42:09,638 [Worker-9: Building workspace] INFO  o.e.m.c.i.l.LifecycleMappingFactory - Using org.maven.ide.eclipse.wtp.WarLifecycleMapping lifecycle mapping for MavenProject: kr.goodee:mavenshop3:0.0.1-SNAPSHOT @ D:\java\spring\workspace\mavenshop3\pom.xml.
2018-12-18 14:42:10,347 [Worker-9: Building workspace] WARN  o.e.m.c.i.embedder.EclipseLogger - Using platform encoding (MS949 actually) to copy filtered resources, i.e. build is platform dependent!
2018-12-18 14:42:10,349 [Worker-9: Building workspace] INFO  o.e.m.c.i.embedder.EclipseLogger - Copying 0 resource
2018-12-18 14:42:10,350 [Worker-9: Building workspace] WARN  o.e.m.c.i.embedder.EclipseLogger - Using platform encoding (MS949 actually) to copy filtered resources, i.e. build is platform dependent!
2018-12-18 14:42:10,352 [Worker-9: Building workspace] INFO  o.e.m.c.i.embedder.EclipseLogger - skip non existing resourceDirectory D:\java\spring\workspace\mavenshop3\src\test\resources
2018-12-18 14:42:11,805 [Worker-7: Updating Maven Dependencies] INFO  o.e.m.c.i.l.LifecycleMappingFactory - Using org.eclipse.m2e.jdt.JarLifecycleMapping lifecycle mapping for MavenProject: kr.goodee:mavenchap7:0.0.1-SNAPSHOT @ D:\java\spring\workspace\mavenchap7\pom.xml.
2018-12-18 14:42:11,975 [Worker-7: Updating Maven Dependencies] INFO  o.e.m.c.i.l.LifecycleMappingFactory - Using org.maven.ide.eclipse.wtp.WarLifecycleMapping lifecycle mapping for MavenProject: kr.goodee:mavenshop1:0.0.1-SNAPSHOT @ D:\java\spring\workspace\mavenshop1\pom.xml.
2018-12-18 14:42:12,097 [Worker-7: Updating Maven Dependencies] INFO  o.e.m.c.i.l.LifecycleMappingFactory - Using org.maven.ide.eclipse.wtp.WarLifecycleMapping lifecycle mapping for MavenProject: kr.goodee:mavenshop2:0.0.1-SNAPSHOT @ D:\java\spring\workspace\mavenshop2\pom.xml.
2018-12-18 14:42:12,230 [Worker-7: Updating Maven Dependencies] INFO  o.e.m.c.i.l.LifecycleMappingFactory - Using org.maven.ide.eclipse.wtp.WarLifecycleMapping lifecycle mapping for MavenProject: kr.goodee:mavenshop3:0.0.1-SNAPSHOT @ D:\java\spring\workspace\mavenshop3\pom.xml.
2018-12-18 14:42:12,569 [Worker-7: Updating Maven Dependencies] INFO  o.e.m.c.i.l.LifecycleMappingFactory - Using org.maven.ide.eclipse.wtp.WarLifecycleMapping lifecycle mapping for MavenProject: kr.goodee:mavenshop4:0.0.1-SNAPSHOT @ D:\java\spring\workspace\mavenshop4\pom.xml.
2018-12-18 14:42:12,695 [Worker-7: Updating Maven Dependencies] INFO  o.e.m.c.i.l.LifecycleMappingFactory - Using org.maven.ide.eclipse.wtp.WarLifecycleMapping lifecycle mapping for MavenProject: kr.goodee:springsecurity:0.0.1-SNAPSHOT @ D:\java\spring\workspace\springsecurity\pom.xml.
2018-12-18 14:42:12,974 [Worker-7: Updating Maven Dependencies] INFO  o.e.m.c.i.l.LifecycleMappingFactory - Using org.eclipse.m2e.jdt.JarLifecycleMapping lifecycle mapping for MavenProject: kr.goodee:mavenchap7:0.0.1-SNAPSHOT @ D:\java\spring\workspace\test\pom.xml.
